Arguments: 
  /home/kyran/.nvm/versions/node/v10.11.0/bin/node /home/kyran/.yarn/bin/yarn.js add dat-guyi

PATH: 
  /home/kyran/.nvm/versions/node/v10.11.0/bin:/home/kyran/.yarn/bin:/opt/ros/kinetic/bin:/usr/local/heroku/bin:/usr/local/cuda/bin:/usr/local/bin:/usr/local/sbin/:/bin:/sbin:/usr/bin:/usr/sbin:/home/kyran/workspace/dotfiles/.bin:/home/kyran/bin:/usr/local/sbin:/usr/local/bin:/usr/sbin:/usr/bin:/sbin:/bin:/usr/games:/usr/local/games:/home/kyran/bin/android-sdk-linux_x86/tools:/home/kyran/bin/android-sdk-linux_x86/platform-tools:/usr/local/cuda/bin

Yarn version: 
  1.13.0

Node version: 
  10.11.0

Platform: 
  linux x64

Trace: 
  Error: https://registry.yarnpkg.com/dat-guyi: Not found
      at Request.params.callback [as _callback] (/home/kyran/.yarn/lib/cli.js:66255:18)
      at Request.self.callback (/home/kyran/.yarn/lib/cli.js:129397:22)
      at Request.emit (events.js:182:13)
      at Request.<anonymous> (/home/kyran/.yarn/lib/cli.js:130369:10)
      at Request.emit (events.js:182:13)
      at IncomingMessage.<anonymous> (/home/kyran/.yarn/lib/cli.js:130291:12)
      at Object.onceWrapper (events.js:273:13)
      at IncomingMessage.emit (events.js:187:15)
      at endReadableNT (_stream_readable.js:1092:12)
      at process._tickCallback (internal/process/next_tick.js:63:19)

npm manifest: 
  {
    "name": "ribbon_boids",
    "version": "1.0.0",
    "description": "ribbon boids",
    "main": "index.js",
    "scripts": {
      "test": "echo \"Error: no test specified\" && exit 1"
    },
    "author": "",
    "license": "ISC",
    "dependencies": {
      "three": "^0.100.0",
      "three-stats": "^1.0.1"
    }
  }

yarn manifest: 
  No manifest

Lockfile: 
  # THIS IS AN AUTOGENERATED FILE. DO NOT EDIT THIS FILE DIRECTLY.
  # yarn lockfile v1
  
  
  three-stats@^1.0.1:
    version "1.0.1"
    resolved "https://registry.yarnpkg.com/three-stats/-/three-stats-1.0.1.tgz#44ebdcf87d31760196d174e18366364fae172a63"
    integrity sha1-ROvc+H0xdgGW0XThg2Y2T64XKmM=
  
  three@^0.100.0:
    version "0.100.0"
    resolved "https://registry.yarnpkg.com/three/-/three-0.100.0.tgz#262841c0b7d88ebd62af73f28d9f578963b3aa00"
    integrity sha512-/lN2rdE1OqIwJr4/HcSaOisiCY0uVA0sqPpbCG5nil2uICEdS0LfGwSVYTtZDsIpR76r3++h5H3Hzg5D+SJBRQ==
